C51 COMPILER V9.60.0.0   MAIN                                                              12/20/2021 14:58:30 PAGE 1   


C51 COMPILER V9.60.0.0, COMPILATION OF MODULE MAIN
OBJECT MODULE PLACED IN .\Objects\main.obj
COMPILER INVOKED BY: D:\keil5\C51\BIN\C51.EXE main.c OPTIMIZE(8,SPEED) BROWSE DEBUG OBJECTEXTEND PRINT(.\Listings\main.l
                    -st) OBJECT(.\Objects\main.obj)

line level    source

   1          #include <REGX52.H>
   2          
   3          void main(){
   4   1      //      P2=0xFE;
   5   1              while (1){
   6   2                      if (P3_1==0 && P3_0==0){
   7   3                              P2_0=0;
   8   3                      }
   9   2                      else {
  10   3                              P2_0=1;
  11   3                      }
  12   2              }
  13   1      }


MODULE INFORMATION:   STATIC OVERLAYABLE
   CODE SIZE        =     14    ----
   CONSTANT SIZE    =   ----    ----
   XDATA SIZE       =   ----    ----
   PDATA SIZE       =   ----    ----
   DATA SIZE        =   ----    ----
   IDATA SIZE       =   ----    ----
   BIT SIZE         =   ----    ----
END OF MODULE INFORMATION.


C51 COMPILATION COMPLETE.  0 WARNING(S),  0 ERROR(S)
