C51 COMPILER V9.60.0.0   MATRIXKEY                                                         12/27/2021 20:28:25 PAGE 1   


C51 COMPILER V9.60.0.0, COMPILATION OF MODULE MATRIXKEY
OBJECT MODULE PLACED IN .\Objects\MatrixKey.obj
COMPILER INVOKED BY: D:\keil5\C51\BIN\C51.EXE MatrixKey.c OPTIMIZE(8,SPEED) BROWSE DEBUG OBJECTEXTEND PRINT(.\Listings\M
                    -atrixKey.lst) OBJECT(.\Objects\MatrixKey.obj)

line level    source

   1          #include <REGX52.H>
   2          #include "Delay.h"
*** WARNING C315 IN LINE 2 OF Delay.h: unknown #directive 'defind'
   3          
   4          /**
   5            * @brief çŸ©é˜µé”®ç›˜è¯»å–æŒ‰é”®é”®ç 
   6            * @param  æ— 
   7            * @retval KeyNumber æŒ‰ä¸‹é”®ç›˜çš„é”®ç å€¼
   8            å¦‚æœæŒ‰é”®æŒ‰ä¸‹ä¸æ”¾ï¼Œç¨‹åºä¼šåœç•™åœ¨æ­¤å‡½æ•°ï¼Œæ¾æ‰‹çš„ä¸€ç¬é—´ï¼Œè¿”å›æŒ‰é”®é”®ç ï¼Œæ²¡æœ
             -‰æŒ‰é”®æŒ‰ä¸‹æ—¶ï¼Œè¿”å›0
   9            */
  10          unsigned char MatrixKey(){
  11   1              unsigned char KeyNumber=0;
  12   1              
  13   1              P1=0xFF;
  14   1              P1_3=0;
  15   1              if (P1_7==0){Delay(20);while(P1_7==0);Delay(20);KeyNumber=1;}
  16   1              if (P1_6==0){Delay(20);while(P1_6==0);Delay(20);KeyNumber=5;}
  17   1              if (P1_5==0){Delay(20);while(P1_5==0);Delay(20);KeyNumber=9;}
  18   1              if (P1_4==0){Delay(20);while(P1_4==0);Delay(20);KeyNumber=13;}
  19   1              
  20   1              P1=0xFF;
  21   1              P1_2=0;
  22   1              if (P1_7==0){Delay(20);while(P1_7==0);Delay(20);KeyNumber=2;}
  23   1              if (P1_6==0){Delay(20);while(P1_6==0);Delay(20);KeyNumber=6;}
  24   1              if (P1_5==0){Delay(20);while(P1_5==0);Delay(20);KeyNumber=10;}
  25   1              if (P1_4==0){Delay(20);while(P1_4==0);Delay(20);KeyNumber=14;}
  26   1              
  27   1              P1=0xFF;
  28   1              P1_1=0;
  29   1              if (P1_7==0){Delay(20);while(P1_7==0);Delay(20);KeyNumber=3;}
  30   1              if (P1_6==0){Delay(20);while(P1_6==0);Delay(20);KeyNumber=7;}
  31   1              if (P1_5==0){Delay(20);while(P1_5==0);Delay(20);KeyNumber=11;}
  32   1              if (P1_4==0){Delay(20);while(P1_4==0);Delay(20);KeyNumber=15;}
  33   1              
  34   1              P1=0xFF;
  35   1              P1_0=0;
  36   1              if (P1_7==0){Delay(20);while(P1_7==0);Delay(20);KeyNumber=4;}
  37   1              if (P1_6==0){Delay(20);while(P1_6==0);Delay(20);KeyNumber=8;}
  38   1              if (P1_5==0){Delay(20);while(P1_5==0);Delay(20);KeyNumber=12;}
  39   1              if (P1_4==0){Delay(20);while(P1_4==0);Delay(20);KeyNumber=16;}
  40   1              
  41   1              return KeyNumber;
  42   1      }


MODULE INFORMATION:   STATIC OVERLAYABLE
   CODE SIZE        =    393    ----
   CONSTANT SIZE    =   ----    ----
   XDATA SIZE       =   ----    ----
   PDATA SIZE       =   ----    ----
   DATA SIZE        =   ----       1
   IDATA SIZE       =   ----    ----
   BIT SIZE         =   ----    ----
C51 COMPILER V9.60.0.0   MATRIXKEY                                                         12/27/2021 20:28:25 PAGE 2   

END OF MODULE INFORMATION.


C51 COMPILATION COMPLETE.  1 WARNING(S),  0 ERROR(S)
