C51 COMPILER V9.60.0.0   MAIN                                                              12/21/2021 00:21:22 PAGE 1   


C51 COMPILER V9.60.0.0, COMPILATION OF MODULE MAIN
OBJECT MODULE PLACED IN .\Objects\main.obj
COMPILER INVOKED BY: D:\keil5\C51\BIN\C51.EXE main.c OPTIMIZE(8,SPEED) BROWSE DEBUG OBJECTEXTEND PRINT(.\Listings\main.l
                    -st) OBJECT(.\Objects\main.obj)

line level    source

   1          #include <REGX52.H>
   2          
   3          void Delay(unsigned int xms)            //@12.000MHz
   4          {
   5   1              unsigned char i, j;
   6   1              while(xms){
   7   2                      i = 2;
   8   2                      j = 230;
   9   2                      do
  10   2                      {
  11   3                              while (--j);
  12   3                      } while (--i);
  13   2                      xms--;
  14   2              }
  15   1      }
  16          
  17          
  18          void main(){
  19   1              static unsigned int LEDnum=0;
  20   1              P2=~0x01;
  21   1              while (1){
  22   2                      if (P3_1==0){
  23   3                              Delay(20);
  24   3                              while (P3_1==0);
  25   3                              Delay(20);
  26   3                              
  27   3                              if (LEDnum++>=7){
  28   4                                      LEDnum=0;
  29   4                              }
  30   3                              P2=~(0x01<<LEDnum);
  31   3                      }
  32   2                      if (P3_0==0){
  33   3                              Delay(20);
  34   3                              while (P3_0==0);
  35   3                              Delay(20);
  36   3                              
  37   3                              if (LEDnum--==0){
  38   4                                      LEDnum=7;
  39   4                              }
  40   3                              P2=~(0x01<<LEDnum);
  41   3                      }
  42   2              }
  43   1      }
  44                  


MODULE INFORMATION:   STATIC OVERLAYABLE
   CODE SIZE        =    127    ----
   CONSTANT SIZE    =   ----    ----
   XDATA SIZE       =   ----    ----
   PDATA SIZE       =   ----    ----
   DATA SIZE        =      2    ----
   IDATA SIZE       =   ----    ----
   BIT SIZE         =   ----    ----
C51 COMPILER V9.60.0.0   MAIN                                                              12/21/2021 00:21:22 PAGE 2   

END OF MODULE INFORMATION.


C51 COMPILATION COMPLETE.  0 WARNING(S),  0 ERROR(S)
