C51 COMPILER V9.60.0.0   KEY                                                               12/31/2021 11:10:26 PAGE 1   


C51 COMPILER V9.60.0.0, COMPILATION OF MODULE KEY
OBJECT MODULE PLACED IN .\Objects\Key.obj
COMPILER INVOKED BY: D:\keil5\C51\BIN\C51.EXE Key.c OPTIMIZE(8,SPEED) BROWSE DEBUG OBJECTEXTEND PRINT(.\Listings\Key.lst
                    -) OBJECT(.\Objects\Key.obj)

line level    source

   1          #include <REGX52.H>
   2          #include "Delay.h"
*** WARNING C315 IN LINE 2 OF Delay.h: unknown #directive 'defind'
   3          
   4          /**
   5            * @brief 获取独立按键键码
   6            * @param  无
   7            * @retval 按下按键的键码,范围0~4,无按键时返回0
   8            */
   9          unsigned char Key(){
  10   1              unsigned char KeyNumber=0;
  11   1              
  12   1              if (P3_1==0){Delay(20);while(P3_1==0);Delay(20);KeyNumber=1;}
  13   1              if (P3_0==0){Delay(20);while(P3_0==0);Delay(20);KeyNumber=2;}
  14   1              if (P3_2==0){Delay(20);while(P3_2==0);Delay(20);KeyNumber=3;}
  15   1              if (P3_3==0){Delay(20);while(P3_3==0);Delay(20);KeyNumber=4;}
  16   1              
  17   1              return KeyNumber;
  18   1      }


MODULE INFORMATION:   STATIC OVERLAYABLE
   CODE SIZE        =     97    ----
   CONSTANT SIZE    =   ----    ----
   XDATA SIZE       =   ----    ----
   PDATA SIZE       =   ----    ----
   DATA SIZE        =   ----       1
   IDATA SIZE       =   ----    ----
   BIT SIZE         =   ----    ----
END OF MODULE INFORMATION.


C51 COMPILATION COMPLETE.  1 WARNING(S),  0 ERROR(S)
