C51 COMPILER V9.60.0.0   MAIN                                                              12/31/2021 11:35:22 PAGE 1   


C51 COMPILER V9.60.0.0, COMPILATION OF MODULE MAIN
OBJECT MODULE PLACED IN .\Objects\main.obj
COMPILER INVOKED BY: D:\keil5\C51\BIN\C51.EXE main.c OPTIMIZE(8,SPEED) BROWSE DEBUG OBJECTEXTEND PRINT(.\Listings\main.l
                    -st) OBJECT(.\Objects\main.obj)

line level    source

   1          #include <REGX52.H>  
   2          #include "Timer0.h"
   3          #include "Key.h"
   4          #include <INTRINS.H>
   5          
   6          
   7          unsigned char KeyNum,LEDMode;
   8          void main(){
   9   1              P2=0xFE;
  10   1              Timer0Init();
  11   1              while (1){
  12   2                      KeyNum=Key();
  13   2                      if (KeyNum){
  14   3                              if (KeyNum==1){
  15   4                                      LEDMode++;
  16   4                                      if (LEDMode>=2)LEDMode=0;
  17   4                              }
  18   3                      }
  19   2              }
  20   1      }
  21          
  22          void Timer0_Routine() interrupt 1{
  23   1              static unsigned int T0Count;
  24   1              TL0 = 0x18;             //设置定时初值
  25   1              TH0 = 0xFC;             //设置定时初值
  26   1              T0Count++;
  27   1              if (T0Count>=500){
  28   2                      T0Count=0; 
  29   2                      if (LEDMode==0)
  30   2                              P2=_crol_(P2,1);
  31   2                      if (LEDMode==1)
  32   2                              P2=_cror_(P2,1);
  33   2              }
  34   1      }


MODULE INFORMATION:   STATIC OVERLAYABLE
   CODE SIZE        =    133    ----
   CONSTANT SIZE    =   ----    ----
   XDATA SIZE       =   ----    ----
   PDATA SIZE       =   ----    ----
   DATA SIZE        =      4    ----
   IDATA SIZE       =   ----    ----
   BIT SIZE         =   ----    ----
END OF MODULE INFORMATION.


C51 COMPILATION COMPLETE.  0 WARNING(S),  0 ERROR(S)
