C51 COMPILER V9.60.0.0   MAIN                                                              12/21/2021 18:53:56 PAGE 1   


C51 COMPILER V9.60.0.0, COMPILATION OF MODULE MAIN
OBJECT MODULE PLACED IN .\Objects\main.obj
COMPILER INVOKED BY: D:\keil5\C51\BIN\C51.EXE main.c OPTIMIZE(8,SPEED) BROWSE DEBUG OBJECTEXTEND PRINT(.\Listings\main.l
                    -st) OBJECT(.\Objects\main.obj)

line level    source

   1          #include <REGX52.H>
   2          
   3          unsigned char NixieTable[]={0x3F,0x06,0x5B,0x4F,0x66,0x6D,0x7D,0x07,0x7F,0x6F,0x77,0x7C,0x39,0x5E,0x79,0x7
             -1,0x00};
   4          
   5          void Delay(unsigned int xms)            //@12.000MHz
   6          {
   7   1              unsigned char i, j;
   8   1              while (xms--){
   9   2                      i = 2;
  10   2                      j = 239;
  11   2                      do
  12   2                      {
  13   3                              while (--j);
  14   3                      } while (--i);
  15   2              }
  16   1      }
  17          
  18          void Nixie(unsigned char Location,Number){
  19   1              switch(Location){
  20   2                      case 1:P2_4=1;P2_3=1;P2_2=1;break;
  21   2                      case 2:P2_4=1;P2_3=1;P2_2=0;break;
  22   2                      case 3:P2_4=1;P2_3=0;P2_2=1;break;
  23   2                      case 4:P2_4=1;P2_3=0;P2_2=0;break;
  24   2                      case 5:P2_4=0;P2_3=1;P2_2=1;break;
  25   2                      case 6:P2_4=0;P2_3=1;P2_2=0;break;
  26   2                      case 7:P2_4=0;P2_3=0;P2_2=1;break;
  27   2                      case 8:P2_4=0;P2_3=0;P2_2=0;break;
  28   2              }
  29   1              P0=NixieTable[Number];
  30   1              Delay(1);
  31   1              P0=0x00;
  32   1      }
  33          
  34          void main(){
  35   1              while(1){
  36   2                      Nixie(1,1);
  37   2      //              Delay(20);
  38   2                      Nixie(2,2);
  39   2      //              Delay(20);
  40   2                      Nixie(3,3);
  41   2      //              Delay(20);
  42   2              }
  43   1      }


MODULE INFORMATION:   STATIC OVERLAYABLE
   CODE SIZE        =    159    ----
   CONSTANT SIZE    =   ----    ----
   XDATA SIZE       =   ----    ----
   PDATA SIZE       =   ----    ----
   DATA SIZE        =     17    ----
   IDATA SIZE       =   ----    ----
   BIT SIZE         =   ----    ----
C51 COMPILER V9.60.0.0   MAIN                                                              12/21/2021 18:53:56 PAGE 2   

END OF MODULE INFORMATION.


C51 COMPILATION COMPLETE.  0 WARNING(S),  0 ERROR(S)
